2017-12-18 13:26 - DEBUG - cli : 117 - 
=========================================================
Running pattern mining with the following parameters:
=========================================================
A: [[ 0.5  0.5]
 [ 0.5  0.5]]
NAN: False
PARS: False
config: tests/sample_cfg.yaml
debug: False
epsilon: 0.0001
fasta: sample_data/weeks_set.fa
filter_test: False
forbid_N_pairs: False
gammas: True
input: sample_data/weeks_set.shape
k: 5
log: True
maxiter: 100
min_density: 0.5
model: None
mu: [[ 0.5  1.   1.5  2.   2.5]
 [-0.5 -1.  -1.5 -2.  -2.5]]
n: -1
n_tasks: -1
no_prompt: True
nogmm: False
output: sample_data/sample_output
pattern: ((((....))))
phi: [ 0.5  0.5]
pi: [ 0.5  0.5]
seq: False
sigma: None
upsilon: [ 0.15  0.85]
verbose: True
viterbi: True
w: None
wmin: 0
=========================================================
2017-12-18 13:26 - INFO - cli : 119 - Target pattern -> ((((....))))
2017-12-18 13:26 - INFO - gmmhmm : 958 - Running patteRNA using 4 parallel processes.
2017-12-18 13:26 - INFO - cli : 136 - Loading input data ...
2017-12-18 13:26 - INFO - cli : 154 - Loading ... done in 00:00:00
2017-12-18 13:26 - INFO - cli : 156 - Transcript #: Initial 21 | Train 21
2017-12-18 13:26 - INFO - cli : 170 - Training ...
2017-12-18 13:26 - DEBUG - gmmhmm : 332 - 
pi: 
[ 0.5  0.5]
A: 
[[ 0.5  0.5]
 [ 0.5  0.5]]
w: 
[[ 0.2  0.2  0.2  0.2  0.2]
 [ 0.2  0.2  0.2  0.2  0.2]]
mu: 
[[ 0.5  1.   1.5  2.   2.5]
 [-0.5 -1.  -1.5 -2.  -2.5]]
sigma: 
[[ 1.47913718  1.47913718  1.47913718  1.47913718  1.47913718]
 [ 1.47913718  1.47913718  1.47913718  1.47913718  1.47913718]]
phi: 
[ 0.00891841  0.00891841]
upsilon: 
[ 0.01759013  0.09967742]
P(States|y): 
[ 0.5  0.5]


2017-12-18 13:26 - INFO - gmmhmm : 578 - iter #1 : logL -24323.92
2017-12-18 13:26 - DEBUG - gmmhmm : 332 - 
pi: 
[ 0.33324094  0.66675906]
A: 
[[ 0.36516488  0.63483512]
 [ 0.17952493  0.82047507]]
w: 
[[ 0.39246581  0.27620887  0.17662945  0.10189526  0.05280061]
 [ 0.1573936   0.18084985  0.20040649  0.21883192  0.24251814]]
mu: 
[[-0.40690865 -0.17663254  0.02779274  0.21535167  0.39415309]
 [-0.98370236 -1.3475469  -1.77036584 -2.26375626 -2.86995078]]
sigma: 
[[ 1.551437    2.02278942  2.74299399  3.72305498  4.95806114]
 [ 1.22884054  1.28133465  1.41876036  1.66125334  2.18914499]]
phi: 
[ 0.01985618  0.01985618]
upsilon: 
[ 0.01645856  0.09326515]
P(States|y): 
[ 0.21661075  0.78338925]


2017-12-18 13:26 - INFO - gmmhmm : 578 - iter #2 : logL -20386.63
2017-12-18 13:26 - DEBUG - gmmhmm : 332 - 
pi: 
[ 0.33147147  0.66852853]
A: 
[[ 0.45911189  0.54088811]
 [ 0.1473456   0.8526544 ]]
w: 
[[ 0.43032115  0.28167963  0.16324641  0.08485598  0.03989684]
 [ 0.16063683  0.18445333  0.20177598  0.21599676  0.2371371 ]]
mu: 
[[-0.4475408  -0.38357434 -0.38730151 -0.44324906 -0.54629247]
 [-1.01588203 -1.33439427 -1.72973639 -2.20514519 -2.87638652]]
sigma: 
[[ 0.93511217  1.09431759  1.42178328  1.97138638  2.87840997]
 [ 1.01361136  1.14334588  1.33093948  1.61553892  2.51616763]]
phi: 
[ 0.00899471  0.03028745]
upsilon: 
[ 0.00398128  0.10301371]
P(States|y): 
[ 0.23582134  0.76417866]


2017-12-18 13:26 - INFO - gmmhmm : 578 - iter #3 : logL -19884.62
2017-12-18 13:26 - DEBUG - gmmhmm : 332 - 
pi: 
[ 0.34885759  0.65114241]
A: 
[[ 0.60713445  0.39286555]
 [ 0.1325758   0.8674242 ]]
w: 
[[ 0.4443683   0.28587227  0.15860486  0.07747822  0.03367635]
 [ 0.15107782  0.17897734  0.20208815  0.22164329  0.2462134 ]]
mu: 
[[-0.34964733 -0.31384062 -0.34085238 -0.42115726 -0.55698347]
 [-1.13592735 -1.45064259 -1.83810549 -2.29090473 -2.99273189]]
sigma: 
[[ 0.68613401  0.75397943  0.92047042  1.19663827  1.63392232]
 [ 0.94249506  1.0775041   1.24129068  1.46600421  2.51810987]]
phi: 
[ 0.0091721   0.02989921]
upsilon: 
[ 0.00074191  0.10647412]
P(States|y): 
[ 0.28418963  0.71581037]


2017-12-18 13:26 - INFO - gmmhmm : 578 - iter #4 : logL -19331.4
2017-12-18 13:26 - DEBUG - gmmhmm : 332 - 
pi: 
[ 0.36835876  0.63164124]
A: 
[[ 0.73123295  0.26876705]
 [ 0.11708708  0.88291292]]
w: 
[[ 0.45205158  0.28862465  0.15602248  0.07320305  0.03009824]
 [ 0.13640485  0.17128914  0.20387274  0.23159415  0.25683913]]
mu: 
[[-0.28849342 -0.26090257 -0.28273118 -0.34322087 -0.43893926]
 [-1.34759173 -1.64689748 -2.0016388  -2.40403732 -3.11183141]]
sigma: 
[[ 0.54129352  0.58024985  0.6859435   0.85938184  1.12456796]
 [ 0.87368664  0.97145264  1.08160327  1.23908721  2.35471393]]
phi: 
[ 0.01145728  0.02757608]
upsilon: 
[ 0.00014339  0.10798663]
P(States|y): 
[ 0.34229952  0.65770048]


2017-12-18 13:26 - INFO - gmmhmm : 578 - iter #5 : logL -18883.91
2017-12-18 13:26 - DEBUG - gmmhmm : 332 - 
pi: 
[ 0.38023751  0.61976249]
A: 
[[ 0.78430825  0.21569175]
 [ 0.10796725  0.89203275]]
w: 
[[ 0.45529392  0.28976272  0.15493577  0.07140888  0.02859871]
 [ 0.12756355  0.16756437  0.20650163  0.23872728  0.25964317]]
mu: 
[[-0.27231474 -0.24705216 -0.26326685 -0.30720346 -0.36839097]
 [-1.52296511 -1.79010335 -2.10267181 -2.458819   -3.1898695 ]]
sigma: 
[[ 0.48149497  0.51242305  0.59641648  0.7322081   0.9352684 ]
 [ 0.76840428  0.83749792  0.92571375  1.06411159  2.29089868]]
phi: 
[ 0.01417683  0.0249676 ]
upsilon: 
[  3.61212557e-05   1.09002501e-01]
P(States|y): 
[ 0.3746825  0.6253175]


2017-12-18 13:26 - INFO - gmmhmm : 578 - iter #6 : logL -18725.71
2017-12-18 13:26 - DEBUG - gmmhmm : 332 - 
pi: 
[ 0.39057312  0.60942688]
A: 
[[ 0.79828535  0.20171465]
 [ 0.10735295  0.89264705]]
w: 
[[ 0.45635275  0.29006825  0.15459227  0.07085245  0.02813428]
 [ 0.12426666  0.1669511   0.2087216   0.24231564  0.257745  ]]
mu: 
[[-0.27313545 -0.24781918 -0.25927007 -0.29026158 -0.32314317]
 [-1.62002387 -1.86024565 -2.14535903 -2.47671191 -3.24531525]]
sigma: 
[[ 0.46270539  0.49207348  0.56950442  0.69496385  0.88642519]
 [ 0.67181211  0.7373031   0.82953604  0.97003769  2.31681029]]
phi: 
[ 0.01567896  0.0236064 ]
upsilon: 
[  1.19692843e-05   1.09389905e-01]
P(States|y): 
[ 0.3891434  0.6108566]


2017-12-18 13:26 - INFO - gmmhmm : 578 - iter #7 : logL -18680.48
2017-12-18 13:26 - DEBUG - gmmhmm : 332 - 
pi: 
[ 0.40270785  0.59729215]
A: 
[[ 0.8003624   0.1996376 ]
 [ 0.11014597  0.88985403]]
w: 
[[ 0.45675243  0.29009985  0.15446897  0.07067595  0.0280028 ]
 [ 0.12308657  0.16712894  0.21019099  0.24447179  0.25512171]]
mu: 
[[-0.28045386 -0.25436228 -0.2614154  -0.28063504 -0.2858811 ]
 [-1.67346069 -1.89640468 -2.16750053 -2.48869852 -3.29105286]]
sigma: 
[[ 0.45650833  0.48604658  0.56106053  0.68436844  0.88310466]
 [ 0.59937641  0.67154359  0.77489076  0.92092117  2.34304619]]
phi: 
[ 0.0163164   0.02305297]
upsilon: 
[  4.62647354e-06   1.09500642e-01]
P(States|y): 
[ 0.3981049  0.6018951]


2017-12-18 13:26 - INFO - gmmhmm : 578 - iter #8 : logL -18662.07
2017-12-18 13:26 - DEBUG - gmmhmm : 332 - 
pi: 
[ 0.41576313  0.58423687]
A: 
[[ 0.79985936  0.20014064]
 [ 0.11348366  0.88651634]]
w: 
[[ 0.45695721  0.29004277  0.15440178  0.07060788  0.02799036]
 [ 0.12265809  0.16734056  0.21109312  0.24619426  0.25271397]]
mu: 
[[-0.29018476 -0.26305131 -0.26583958 -0.2736308  -0.24944041]
 [-1.70523532 -1.91791379 -2.18337657 -2.50256378 -3.32979641]]
sigma: 
[[ 0.45424481  0.48441336  0.55805661  0.68184203  0.89805181]
 [ 0.54495795  0.62651249  0.74242667  0.89392886  2.34712144]]
phi: 
[ 0.01666065  0.02275711]
upsilon: 
[  1.93988582e-06   1.09526547e-01]
P(States|y): 
[ 0.40514957  0.59485043]


2017-12-18 13:26 - INFO - gmmhmm : 578 - iter #9 : logL -18652.13
2017-12-18 13:26 - DEBUG - gmmhmm : 332 - 
pi: 
[ 0.4283041  0.5716959]
A: 
[[ 0.7991393   0.2008607 ]
 [ 0.11649195  0.88350805]]
w: 
[[ 0.45709076  0.28995463  0.15434553  0.07056997  0.02803911]
 [ 0.12258673  0.16747229  0.21163869  0.24778289  0.25051939]]
mu: 
[[-0.30051197 -0.27219669 -0.27082604 -0.26743535 -0.21098985]
 [-1.72464734 -1.93171928 -2.19675041 -2.51840524 -3.36264477]]
sigma: 
[[ 0.45348765  0.4843622   0.55680287  0.68191932  0.92306783]
 [ 0.50253856  0.59363574  0.72205414  0.87826137  2.33690235]]
phi: 
[ 0.01691008  0.02253929]
upsilon: 
[  8.57345919e-07   1.09526310e-01]
P(States|y): 
[ 0.4110535  0.5889465]


2017-12-18 13:26 - INFO - gmmhmm : 578 - iter #10 : logL -18645.82
2017-12-18 13:26 - DEBUG - gmmhmm : 332 - 
pi: 
[ 0.43948065  0.56051935]
A: 
[[ 0.79863868  0.20136132]
 [ 0.11900974  0.88099026]]
w: 
[[ 0.45719495  0.28985764  0.15428574  0.07053399  0.02812768]
 [ 0.12274618  0.16754748  0.21197985  0.24933785  0.24838864]]
mu: 
[[-0.31057943 -0.28100401 -0.27563375 -0.26147344 -0.16986928]
 [-1.73619664 -1.94078029 -2.20874078 -2.53527868 -3.39039662]]
sigma: 
[[ 0.45335726  0.48485142  0.55591909  0.68227277  0.95335931]
 [ 0.46831514  0.56828078  0.70862907  0.86850681  2.32182659]]
phi: 
[ 0.01711398  0.02235778]
upsilon: 
[  3.94281711e-07   1.09517318e-01]
P(States|y): 
[ 0.41602897  0.58397103]


2017-12-18 13:26 - INFO - gmmhmm : 578 - iter #11 : logL -18641.37
2017-12-18 13:26 - DEBUG - gmmhmm : 332 - 
pi: 
[ 0.44901793  0.55098207]
A: 
[[ 0.79834531  0.20165469]
 [ 0.12107727  0.87892273]]
w: 
[[ 0.4572876   0.28976266  0.15421895  0.07048894  0.02824184]
 [ 0.12307897  0.16759678  0.21221167  0.25090247  0.24621011]]
mu: 
[[-0.31995876 -0.2890828  -0.27992856 -0.25563059 -0.12678094]
 [-1.74243604 -1.94667204 -2.21983645 -2.55249576 -3.41383745]]
sigma: 
[[ 0.45347086  0.4854243   0.554811    0.68168795  0.98429969]
 [ 0.4399556   0.54789768  0.69942281  0.86183727  2.30741272]]
phi: 
[ 0.01728482  0.02220356]
upsilon: 
[  1.87230792e-07   1.09505098e-01]
P(States|y): 
[ 0.42019779  0.57980221]


2017-12-18 13:26 - INFO - gmmhmm : 578 - iter #12 : logL -18638.01
2017-12-18 13:26 - DEBUG - gmmhmm : 332 - 
pi: 
[ 0.45697337  0.54302663]
A: 
[[ 0.79817798  0.20182202]
 [ 0.12277472  0.87722528]]
w: 
[[ 0.45737571  0.28967549  0.15414725  0.07043309  0.02836846]
 [ 0.12354939  0.16763892  0.21238991  0.25249753  0.24392425]]
mu: 
[[-0.32845035 -0.29625322 -0.28355927 -0.24991685 -0.08326119]
 [-1.74495243 -1.95034877 -2.23031984 -2.56965696 -3.43371855]]
sigma: 
[[ 0.45367728  0.48591292  0.55330137  0.67968472  1.01150157]
 [ 0.41597127  0.53100336  0.69291758  0.85675449  2.29612274]]
phi: 
[ 0.0174277  0.0220735]
upsilon: 
[  9.12838992e-08   1.09491994e-01]
P(States|y): 
[ 0.42366934  0.57633066]


2017-12-18 13:26 - INFO - gmmhmm : 578 - iter #13 : logL -18635.35
2017-12-18 13:26 - DEBUG - gmmhmm : 332 - 
pi: 
[ 0.4635433  0.5364567]
A: 
[[ 0.79807158  0.20192842]
 [ 0.12417702  0.87582298]]
w: 
[[ 0.45746051  0.28959861  0.15407478  0.07036991  0.02849619]
 [ 0.12413182  0.16768317  0.21254614  0.25413136  0.2415075 ]]
mu: 
[[-0.33599645 -0.30246452 -0.2864734  -0.24433718 -0.04105927]
 [-1.7447854  -1.95242649 -2.24036664 -2.58653907 -3.45071699]]
sigma: 
[[ 0.45393529  0.48629691  0.55144206  0.67631131  1.03177229]
 [ 0.39536421  0.51667915  0.68822373  0.85246566  2.28873137]]
phi: 
[ 0.01754645  0.02196494]
upsilon: 
[  4.54847945e-08   1.09479357e-01]
P(States|y): 
[ 0.42654767  0.57345233]


2017-12-18 13:26 - INFO - gmmhmm : 578 - iter #14 : logL -18633.16
2017-12-18 13:26 - DEBUG - gmmhmm : 332 - 
pi: 
[ 0.46895518  0.53104482]
A: 
[[ 0.79798729  0.20201271]
 [ 0.12534455  0.87465545]]
w: 
[[ 0.45754043  0.28953201  0.15400524  0.07030464  0.02861768]
 [ 0.12480688  0.16773335  0.21269763  0.25580488  0.23895726]]
mu: 
[[ -3.42630689e-01  -3.07751119e-01  -2.88684426e-01  -2.38870533e-01
   -1.56575169e-03]
 [ -1.74264418e+00  -1.95332129e+00  -2.25008614e+00  -2.60301602e+00
   -3.46542052e+00]]
sigma: 
[[ 0.45423778  0.48660867  0.54937159  0.67190176  1.04379736]
 [ 0.37743768  0.50432035  0.68478892  0.84855723  2.28520339]]
phi: 
[ 0.01764465  0.02187504]
upsilon: 
[  2.30755572e-08   1.09468032e-01]
P(States|y): 
[ 0.42892891  0.57107109]


2017-12-18 13:26 - INFO - gmmhmm : 578 - iter #15 : logL -18631.29
2017-12-18 13:26 - DEBUG - gmmhmm : 332 - 
pi: 
[ 0.47342038  0.52657962]
A: 
[[ 0.79790593  0.20209407]
 [ 0.12632403  0.87367597]]
w: 
[[ 0.4576132   0.28947398  0.15394067  0.07024184  0.02873031]
 [ 0.12555927  0.16779061  0.21285343  0.25751457  0.23628212]]
mu: 
[[-0.34843964 -0.31219946 -0.29025152 -0.23348924  0.03446398]
 [-1.73903211 -1.9533269  -2.25954428 -2.61901617 -3.4783279 ]]
sigma: 
[[ 0.45457349  0.48687945  0.54722448  0.66686032  1.04801153]
 [ 0.36168852  0.49350736  0.68224787  0.84481855  2.28516034]]
phi: 
[ 0.01772562  0.02180095]
upsilon: 
[  1.18822375e-08   1.09458459e-01]
P(States|y): 
[ 0.43089854  0.56910146]


2017-12-18 13:26 - INFO - gmmhmm : 578 - iter #16 : logL -18629.63
2017-12-18 13:26 - DEBUG - gmmhmm : 332 - 
pi: 
[ 0.47711916  0.52288084]
A: 
[[ 0.79781977  0.20218023]
 [ 0.12715145  0.87284855]]
w: 
[[ 0.45767698  0.28942207  0.15388156  0.07018445  0.02883494]
 [ 0.12637652  0.16785495  0.21301806  0.25925451  0.23349596]]
mu: 
[[-0.35353185 -0.31591923 -0.29125894 -0.22817588  0.06686167]
 [-1.73432063 -1.95266085 -2.26878008 -2.63449884 -3.48985588]]
sigma: 
[[ 0.45491813  0.4871215   0.54509453  0.66153479  1.04589099]
 [ 0.34774307  0.48393459  0.6803433   0.84114729  2.28811146]]
phi: 
[ 0.01779235  0.02174001]
upsilon: 
[  6.19432754e-09   1.09450733e-01]
P(States|y): 
[ 0.43252991  0.56747009]


2017-12-18 13:26 - DEBUG - gmmhmm : 332 - 
pi: 
[ 0.47711916  0.52288084]
A: 
[[ 0.79781977  0.20218023]
 [ 0.12715145  0.87284855]]
w: 
[[ 0.45767698  0.28942207  0.15388156  0.07018445  0.02883494]
 [ 0.12637652  0.16785495  0.21301806  0.25925451  0.23349596]]
mu: 
[[-0.35353185 -0.31591923 -0.29125894 -0.22817588  0.06686167]
 [-1.73432063 -1.95266085 -2.26878008 -2.63449884 -3.48985588]]
sigma: 
[[ 0.45491813  0.4871215   0.54509453  0.66153479  1.04589099]
 [ 0.34774307  0.48393459  0.6803433   0.84114729  2.28811146]]
phi: 
[ 0.01779235  0.02174001]
upsilon: 
[  6.19432754e-09   1.09450733e-01]
P(States|y): 
[ 0.43252991  0.56747009]


2017-12-18 13:26 - INFO - cli : 186 - Training ... done in 00:00:13
2017-12-18 13:26 - INFO - cli : 197 - Building the scoring set ...
2017-12-18 13:26 - INFO - cli : 207 - Building the scoring set ... done
2017-12-18 13:26 - INFO - cli : 208 - Computing scores for 21 transcripts ...
2017-12-18 13:26 - DEBUG - cli : 250 - Computing scores... 0/21
2017-12-18 13:26 - INFO - cli : 254 - Computing scores... done in 00:00:04
2017-12-18 13:26 - INFO - cli : 255 - Process terminated in 00:00:17
2017-12-18 13:26 - INFO - cli : 256 - Output written to -> sample_data/sample_output
