2018-02-06 20:41 - DEBUG - cli : 103 - 
=========================================================
Running pattern mining with the following parameters:
=========================================================
A: None
GQ: None
NAN: False
config: tests/sample_cfg.yaml
epsilon: 0.0001
fasta: sample_data/weeks_set.fa
filter_test: False
forbid_N_pairs: False
input: sample_data/weeks_set.shape
k: -1
log: True
maxiter: 100
min_density: 0.5
model: None
motif: ((((...))))
mu: None
n: -1
n_tasks: -1
no_prompt: True
nogmm: False
output: sample_data/sample_output
path: None
pattern: None
phi: None
pi: None
posteriors: True
reference: None
seq: False
sigma: None
upsilon: None
verbose: True
viterbi: True
w: None
wmin: 0
=========================================================
2018-02-06 20:41 - INFO - cli : 107 - Target motif -> ((((...))))
2018-02-06 20:41 - INFO - gmmhmm : 1070 - Running patteRNA using 4 parallel processes.
2018-02-06 20:41 - INFO - cli : 126 - Loading input data ...
2018-02-06 20:41 - INFO - cli : 153 - Loading ... done in 00:00:00
2018-02-06 20:41 - INFO - cli : 155 - Transcript #: Initial 21 | Train 21
2018-02-06 20:41 - INFO - cli : 180 - Finding an optimal K ...
2018-02-06 20:41 - INFO - cli : 183 - Optimal K is 2 ... done in 00:00:00
2018-02-06 20:41 - INFO - cli : 188 - Training ...
2018-02-06 20:41 - DEBUG - gmmhmm : 451 - 
pi: 
array([ 0.5,  0.5])
A: 
array([[ 0.71020019,  0.28979981],
       [ 0.19677996,  0.80322004]])
w: 
array([[ 0.5,  0.5],
       [ 0.5,  0.5]])
mu: 
array([[-1.02821839, -0.222519  ],
       [-2.7640779 , -1.83415771]], dtype=float32)
sigma: 
array([[ 1.47913718,  1.47913718],
       [ 1.47913718,  1.47913718]], dtype=float32)
phi: 
array([ 0.01783681,  0.01783681])
upsilon: 
array([ 0.11726755,  0.11726755])
P(states|y): 
array([ 0.5,  0.5])


2018-02-06 20:41 - INFO - gmmhmm : 697 - iter #1 : logL -19723.68
2018-02-06 20:41 - DEBUG - gmmhmm : 451 - 
pi: 
array([ 0.55438496,  0.44561504])
A: 
array([[ 0.77563943,  0.22436057],
       [ 0.17942553,  0.82057447]])
w: 
array([[ 0.49261424,  0.50738576],
       [ 0.51029522,  0.48970478]])
mu: 
array([[-0.818266  , -0.34160706],
       [-2.85559752, -1.92926147]])
sigma: 
array([[ 1.02371042,  0.7996501 ],
       [ 1.82367356,  1.27008723]])
phi: 
array([ 0.01771708,  0.02169492])
upsilon: 
array([ 0.03537249,  0.07227003])
P(states|y): 
array([ 0.45902518,  0.54097482])


2018-02-06 20:41 - INFO - gmmhmm : 697 - iter #2 : logL -19353.49
2018-02-06 20:41 - DEBUG - gmmhmm : 451 - 
pi: 
array([ 0.55948424,  0.44051576])
A: 
array([[ 0.81189914,  0.18810086],
       [ 0.14974711,  0.85025289]])
w: 
array([[ 0.47895329,  0.52104671],
       [ 0.51762063,  0.48237937]])
mu: 
array([[-0.70959089, -0.33028234],
       [-2.93818933, -2.07809635]])
sigma: 
array([[ 0.83063803,  0.6321945 ],
       [ 1.83257939,  1.01474862]])
phi: 
array([ 0.01933371,  0.01980502])
upsilon: 
array([ 0.01805193,  0.09015923])
P(states|y): 
array([ 0.47614147,  0.52385853])


2018-02-06 20:42 - INFO - gmmhmm : 697 - iter #3 : logL -18973.67
2018-02-06 20:42 - DEBUG - gmmhmm : 451 - 
pi: 
array([ 0.54383159,  0.45616841])
A: 
array([[ 0.82540757,  0.17459243],
       [ 0.13264283,  0.86735717]])
w: 
array([[ 0.46936785,  0.53063215],
       [ 0.51040335,  0.48959665]])
mu: 
array([[-0.6354724 , -0.30544571],
       [-2.96635761, -2.14573898]])
sigma: 
array([[ 0.74037376,  0.57023981],
       [ 1.83566544,  0.81792205]])
phi: 
array([ 0.0196765 ,  0.01958983])
upsilon: 
array([ 0.00808172,  0.10048044])
P(states|y): 
array([ 0.47403581,  0.52596419])


2018-02-06 20:42 - INFO - gmmhmm : 697 - iter #4 : logL -18809.17
2018-02-06 20:42 - DEBUG - gmmhmm : 451 - 
pi: 
array([ 0.52620331,  0.47379669])
A: 
array([[ 0.8253526 ,  0.1746474 ],
       [ 0.12728525,  0.87271475]])
w: 
array([[ 0.46339914,  0.53660086],
       [ 0.49770186,  0.50229814]])
mu: 
array([[-0.58604445, -0.2872228 ],
       [-2.98111667, -2.16315434]])
sigma: 
array([[ 0.68707765,  0.54104203],
       [ 1.88531419,  0.69942277]])
phi: 
array([ 0.01950054,  0.01987574])
upsilon: 
array([ 0.00388861,  0.10499245])
P(states|y): 
array([ 0.46735552,  0.53264448])


2018-02-06 20:42 - INFO - gmmhmm : 697 - iter #5 : logL -18742.66
2018-02-06 20:42 - DEBUG - gmmhmm : 451 - 
pi: 
array([ 0.51230688,  0.48769312])
A: 
array([[ 0.82085336,  0.17914664],
       [ 0.12660335,  0.87339665]])
w: 
array([[ 0.45958551,  0.54041449],
       [ 0.48457663,  0.51542337]])
mu: 
array([[-0.55135101, -0.27530615],
       [-2.99583547, -2.16318743]])
sigma: 
array([[ 0.64975506,  0.52583904],
       [ 1.93749088,  0.63014375]])
phi: 
array([ 0.01920042,  0.02023391])
upsilon: 
array([ 0.00204432,  0.10703463])
P(states|y): 
array([ 0.46115091,  0.53884909])


2018-02-06 20:42 - INFO - gmmhmm : 697 - iter #6 : logL -18710.84
2018-02-06 20:42 - DEBUG - gmmhmm : 451 - 
pi: 
array([ 0.50276514,  0.49723486])
A: 
array([[ 0.81613906,  0.18386094],
       [ 0.12716989,  0.87283011]])
w: 
array([[ 0.45708691,  0.54291309],
       [ 0.47277574,  0.52722426]])
mu: 
array([[-0.52601182, -0.2677053 ],
       [-3.0131785 , -2.15830199]])
sigma: 
array([[ 0.62094428,  0.51829003],
       [ 1.97393554,  0.58915472]])
phi: 
array([ 0.01892434,  0.02054015])
upsilon: 
array([ 0.00112245,  0.10807336])
P(states|y): 
array([ 0.45648891,  0.54351109])


2018-02-06 20:42 - INFO - gmmhmm : 697 - iter #7 : logL -18693.98
2018-02-06 20:42 - DEBUG - gmmhmm : 451 - 
pi: 
array([ 0.49682524,  0.50317476])
A: 
array([[ 0.81237801,  0.18762199],
       [ 0.12789507,  0.87210493]])
w: 
array([[ 0.45544688,  0.54455312],
       [ 0.46260826,  0.53739174]])
mu: 
array([[-0.50729963, -0.2628915 ],
       [-3.03232338, -2.15234323]])
sigma: 
array([[ 0.5977108 ,  0.51570138],
       [ 1.99410734,  0.56485577]])
phi: 
array([ 0.01871565,  0.02076648])
upsilon: 
array([ 0.00062594,  0.10864274])
P(states|y): 
array([ 0.45322317,  0.54677683])


2018-02-06 20:42 - INFO - gmmhmm : 697 - iter #8 : logL -18684.43
2018-02-06 20:42 - DEBUG - gmmhmm : 451 - 
pi: 
array([ 0.49341345,  0.50658655])
A: 
array([[ 0.80962281,  0.19037719],
       [ 0.12850593,  0.87149407]])
w: 
array([[ 0.45436971,  0.54563029],
       [ 0.4538784 ,  0.5461216 ]])
mu: 
array([[-0.49347946, -0.25975762],
       [-3.05190066, -2.14654821]])
sigma: 
array([[ 0.57839877,  0.51647767],
       [ 2.00240789,  0.55064892]])
phi: 
array([ 0.01857097,  0.0209223 ])
upsilon: 
array([ 0.00035053,  0.10896549])
P(states|y): 
array([ 0.45096712,  0.54903288])


2018-02-06 20:42 - INFO - gmmhmm : 697 - iter #9 : logL -18678.57
2018-02-06 20:42 - DEBUG - gmmhmm : 451 - 
pi: 
array([ 0.49160474,  0.50839526])
A: 
array([[ 0.80765265,  0.19234735],
       [ 0.12896662,  0.87103338]])
w: 
array([[ 0.4536551 ,  0.5463449 ],
       [ 0.44628025,  0.55371975]])
mu: 
array([[-0.48331464, -0.25753362],
       [-3.07094436, -2.14136009]])
sigma: 
array([[ 0.56182362,  0.51948649],
       [ 2.00331317,  0.54263991]])
phi: 
array([ 0.0184738 ,  0.02102666])
upsilon: 
array([ 0.00019633,  0.10915101])
P(states|y): 
array([ 0.44938565,  0.55061435])


2018-02-06 20:42 - INFO - gmmhmm : 697 - iter #10 : logL -18674.63
2018-02-06 20:42 - DEBUG - gmmhmm : 451 - 
pi: 
array([ 0.49074239,  0.50925761])
A: 
array([[ 0.80623853,  0.19376147],
       [ 0.12930028,  0.87069972]])
w: 
array([[ 0.45317325,  0.54682675],
       [ 0.43953714,  0.56046286]])
mu: 
array([[-0.47591345, -0.25570946],
       [-3.08894963, -2.13693352]])
sigma: 
array([[ 0.54713537,  0.52390464],
       [ 2.00016819,  0.53847721]])
phi: 
array([ 0.01840853,  0.02109659])
upsilon: 
array([ 0.00010984,  0.10925835])
P(states|y): 
array([ 0.44824212,  0.55175788])


2018-02-06 20:42 - INFO - gmmhmm : 697 - iter #11 : logL -18671.74
2018-02-06 20:42 - DEBUG - gmmhmm : 451 - 
pi: 
array([ 0.49040664,  0.50959336])
A: 
array([[ 0.80520385,  0.19479615],
       [ 0.12953839,  0.87046161]])
w: 
array([[ 0.45284468,  0.54715532],
       [ 0.43343531,  0.56656469]])
mu: 
array([[-0.47063487, -0.25396495],
       [-3.10572358, -2.13329489]])
sigma: 
array([[ 0.53376902,  0.52914131],
       [ 1.9951748 ,  0.5367213 ]])
phi: 
array([ 0.01836369,  0.02114449])
upsilon: 
array([  6.13617748e-05,   1.09320737e-01])
P(states|y): 
array([ 0.44738136,  0.55261864])


2018-02-06 20:42 - INFO - gmmhmm : 697 - iter #12 : logL -18669.49
2018-02-06 20:42 - DEBUG - gmmhmm : 451 - 
pi: 
array([ 0.49034687,  0.50965313])
A: 
array([[ 0.80442508,  0.19557492],
       [ 0.12970772,  0.87029228]])
w: 
array([[ 0.45262306,  0.54737694],
       [ 0.42782025,  0.57217975]])
mu: 
array([[-0.46701237, -0.25211317],
       [-3.12124914, -2.13040646]])
sigma: 
array([[ 0.52138479,  0.53477296],
       [ 1.98966848,  0.5364832 ]])
phi: 
array([ 0.01833168,  0.02117856])
upsilon: 
array([  3.42286022e-05,   1.09357105e-01])
P(states|y): 
array([ 0.44670439,  0.55329561])


2018-02-06 20:42 - INFO - gmmhmm : 697 - iter #13 : logL -18667.63
2018-02-06 20:42 - DEBUG - gmmhmm : 451 - 
pi: 
array([ 0.49042113,  0.50957887])
A: 
array([[ 0.80381928,  0.19618072],
       [ 0.12982832,  0.87017168]])
w: 
array([[ 0.45248218,  0.54751782],
       [ 0.42258332,  0.57741668]])
mu: 
array([[-0.46469721, -0.25005859],
       [-3.13559708, -2.12819952]])
sigma: 
array([[ 0.50980376,  0.54049286],
       [ 1.98439989,  0.53720973]])
phi: 
array([ 0.01830767,  0.02120404])
upsilon: 
array([  1.90663945e-05,   1.09378335e-01])
P(states|y): 
array([ 0.44614878,  0.55385122])


2018-02-06 20:42 - DEBUG - gmmhmm : 451 - 
pi: 
array([ 0.49042113,  0.50957887])
A: 
array([[ 0.80381928,  0.19618072],
       [ 0.12982832,  0.87017168]])
w: 
array([[ 0.45248218,  0.54751782],
       [ 0.42258332,  0.57741668]])
mu: 
array([[-0.46469721, -0.25005859],
       [-3.13559708, -2.12819952]])
sigma: 
array([[ 0.50980376,  0.54049286],
       [ 1.98439989,  0.53720973]])
phi: 
array([ 0.01830767,  0.02120404])
upsilon: 
array([  1.90663945e-05,   1.09378335e-01])
P(states|y): 
array([ 0.44614878,  0.55385122])


2018-02-06 20:42 - INFO - cli : 203 - Training ... done in 00:00:12
2018-02-06 20:42 - INFO - cli : 215 - Building the scoring set ...
2018-02-06 20:42 - INFO - cli : 225 - Building the scoring set ... done
2018-02-06 20:42 - INFO - cli : 226 - Computing scores for 21 transcripts ...
2018-02-06 20:42 - DEBUG - cli : 269 - Computing scores... 0/21
2018-02-06 20:42 - INFO - cli : 273 - Computing scores... done in 00:00:01
2018-02-06 20:42 - INFO - cli : 277 - Sorting scores...
2018-02-06 20:42 - INFO - cli : 279 - Sorting scores... done
2018-02-06 20:42 - INFO - cli : 281 - Process terminated in 00:00:14
2018-02-06 20:42 - INFO - cli : 282 - Output written to -> sample_data/sample_output
