2018-06-11 12:36 - DEBUG - cli : 137 - 
=========================================================
Running pattern mining with the following parameters:
=========================================================
A: None
GQ: None
KL_div: 0.01
NAN: False
config: tests/sample_cfg.yaml
epsilon: 0.0001
fasta: sample_data/weeks_set.fa
forbid_N_pairs: False
input: sample_data/weeks_set.shape
k: -1
log: True
maxiter: 100
min_density: 0
model: None
motif: ((((...))))
mu: None
n_tasks: -1
no_cscores: False
no_prompt: True
nogmm: False
output: sample_data/sample_output
path: None
phi: [0.5 0.5]
pi: [0.5 0.5]
posteriors: True
reference: None
sigma: None
upsilon: [0.15 0.85]
verbose: True
viterbi: True
w: None
=========================================================
2018-06-11 12:36 - INFO - gmmhmm : 1263 - Using 4 parallel processes
2018-06-11 12:36 - INFO - cli : 151 - Target motif  ->           ((((...))))
2018-06-11 12:36 - INFO - cli : 160 - Loading input data         
2018-06-11 12:36 - INFO - cli : 181 - Loading input data         ... done in 00:00:00
2018-06-11 12:36 - INFO - cli : 186 - Building the training set  
2018-06-11 12:36 - INFO - cli : 192 - Building the training set  ... done in 00:00:00
2018-06-11 12:36 - INFO - cli : 202 - Training set summary - 
       Initial transcripts        21
       Passed QC                  21
       Used transcripts           21
       # Data points (in GMM)     9771
       KL div                     0
2018-06-11 12:36 - DEBUG - gmmhmm : 550 - Training step with K=1 - Iter 0
pi: 
array([0.5, 0.5])
A: 
array([[0.71020019, 0.28979981],
       [0.19677996, 0.80322004]])
w: 
array([[1.],
       [1.]])
mu: 
array([[-0.7635482],
       [-2.1202636]], dtype=float32)
sigma: 
array([[2.187847],
       [2.187847]], dtype=float32)
phi: 
array([0.00891841, 0.00891841])
upsilon: 
array([0.01759013, 0.09967742])
P(states|y): 
array([0.5, 0.5])


2018-06-11 12:36 - INFO - gmmhmm : 789 - Training with K=1 - iter #0 : logL nan
2018-06-11 12:36 - DEBUG - gmmhmm : 550 - Training step with K=1 - Iter 1
pi: 
array([0.47730297, 0.52269703])
A: 
array([[0.75138933, 0.24861067],
       [0.16567898, 0.83432102]])
w: 
array([[1.],
       [1.]])
mu: 
array([[-0.70273528],
       [-2.24384824]])
sigma: 
array([[1.17876075],
       [1.99271869]])
phi: 
array([0.01702025, 0.0222619 ])
upsilon: 
array([0.00643456, 0.10126896])
P(states|y): 
array([0.4414397, 0.5585603])


2018-06-11 12:36 - INFO - gmmhmm : 789 - Training with K=1 - iter #1 : logL -1.998e+04
2018-06-11 12:36 - DEBUG - gmmhmm : 550 - Training step with K=1 - Iter 2
pi: 
array([0.47302727, 0.52697273])
A: 
array([[0.80131623, 0.19868377],
       [0.14497412, 0.85502588]])
w: 
array([[1.],
       [1.]])
mu: 
array([[-0.58621001],
       [-2.43675783]])
sigma: 
array([[0.86699042],
       [1.8441156 ]])
phi: 
array([0.01741369, 0.02174706])
upsilon: 
array([0.00248241, 0.10520822])
P(states|y): 
array([0.47108925, 0.52891075])


2018-06-11 12:36 - INFO - gmmhmm : 789 - Training with K=1 - iter #2 : logL -1.944e+04
2018-06-11 12:36 - DEBUG - gmmhmm : 550 - Training step with K=1 - Iter 3
pi: 
array([0.47089784, 0.52910216])
A: 
array([[0.82370602, 0.17629398],
       [0.13219526, 0.86780474]])
w: 
array([[1.],
       [1.]])
mu: 
array([[-0.51761588],
       [-2.53044652]])
sigma: 
array([[0.73514014],
       [1.64388663]])
phi: 
array([0.01866284, 0.02056062])
upsilon: 
array([0.00116338, 0.10705512])
P(states|y): 
array([0.47907661, 0.52092339])


2018-06-11 12:36 - INFO - gmmhmm : 789 - Training with K=1 - iter #3 : logL -1.908e+04
2018-06-11 12:36 - DEBUG - gmmhmm : 550 - Training step with K=1 - Iter 4
pi: 
array([0.46999575, 0.53000425])
A: 
array([[0.82777589, 0.17222411],
       [0.12736215, 0.87263785]])
w: 
array([[1.],
       [1.]])
mu: 
array([[-0.47388364],
       [-2.5574806 ]])
sigma: 
array([[0.67449861],
       [1.54804405]])
phi: 
array([0.01918429, 0.02012984])
upsilon: 
array([0.00063985, 0.10795948])
P(states|y): 
array([0.47524611, 0.52475389])


2018-06-11 12:36 - INFO - gmmhmm : 789 - Training with K=1 - iter #4 : logL -1.896e+04
2018-06-11 12:36 - DEBUG - gmmhmm : 550 - Training step with K=1 - Iter 5
pi: 
array([0.46900046, 0.53099954])
A: 
array([[0.82570054, 0.17429946],
       [0.1258055 , 0.8741945 ]])
w: 
array([[1.],
       [1.]])
mu: 
array([[-0.44591097],
       [-2.55807599]])
sigma: 
array([[0.64165719],
       [1.51317982]])
phi: 
array([0.01916814, 0.02019945])
upsilon: 
array([0.00036928, 0.10847553])
P(states|y): 
array([0.46878034, 0.53121966])


2018-06-11 12:36 - INFO - gmmhmm : 789 - Training with K=1 - iter #5 : logL -1.892e+04
2018-06-11 12:36 - DEBUG - gmmhmm : 550 - Training step with K=1 - Iter 6
pi: 
array([0.46712242, 0.53287758])
A: 
array([[0.82273118, 0.17726882],
       [0.12491875, 0.87508125]])
w: 
array([[1.],
       [1.]])
mu: 
array([[-0.42676489],
       [-2.55040439]])
sigma: 
array([[0.621782  ],
       [1.50192032]])
phi: 
array([0.01897564, 0.02041579])
upsilon: 
array([0.00021039, 0.10877688])
P(states|y): 
array([0.46245603, 0.53754397])


2018-06-11 12:36 - INFO - gmmhmm : 789 - Training with K=1 - iter #6 : logL -1.891e+04
2018-06-11 12:36 - DEBUG - gmmhmm : 550 - Training step with K=1 - Iter 7
pi: 
array([0.46448233, 0.53551767])
A: 
array([[0.82029077, 0.17970923],
       [0.12403942, 0.87596058]])
w: 
array([[1.],
       [1.]])
mu: 
array([[-0.41288189],
       [-2.5410918 ]])
sigma: 
array([[0.60867672],
       [1.49938104]])
phi: 
array([0.0187616 , 0.02064042])
upsilon: 
array([0.00011642, 0.10895945])
P(states|y): 
array([0.4569872, 0.5430128])


2018-06-11 12:36 - INFO - gmmhmm : 789 - Training with K=1 - iter #7 : logL -1.89e+04
2018-06-11 12:36 - DEBUG - gmmhmm : 550 - Training step with K=1 - Iter 8
pi: 
array([0.46147279, 0.53852721])
A: 
array([[0.81852427, 0.18147573],
       [0.12313246, 0.87686754]])
w: 
array([[1.],
       [1.]])
mu: 
array([[-0.40246093],
       [-2.53234473]])
sigma: 
array([[0.59949269],
       [1.50008243]])
phi: 
array([0.01857201, 0.02083512])
upsilon: 
array([6.25675335e-05, 1.09073956e-01])
P(states|y): 
array([0.45246356, 0.54753644])


2018-06-11 12:36 - INFO - gmmhmm : 789 - Training with K=1 - iter #8 : logL -1.89e+04
2018-06-11 12:36 - DEBUG - gmmhmm : 550 - Training step with K=1 - Iter 9
pi: 
array([0.45844, 0.54156])
A: 
array([[0.81728372, 0.18271628],
       [0.12226695, 0.87773305]])
w: 
array([[1.],
       [1.]])
mu: 
array([[-0.3944808 ],
       [-2.52478882]])
sigma: 
array([[0.59279185],
       [1.50190027]])
phi: 
array([0.01841509, 0.02099472])
upsilon: 
array([3.27926028e-05, 1.09147999e-01])
P(states|y): 
array([0.44879195, 0.55120805])


2018-06-11 12:36 - INFO - gmmhmm : 789 - Training with K=1 - iter #9 : logL -1.89e+04
2018-06-11 12:36 - DEBUG - gmmhmm : 550 - Training step with K=1 - Iter 10
pi: 
array([0.45560667, 0.54439333])
A: 
array([[0.81640845, 0.18359155],
       [0.12149223, 0.87850777]])
w: 
array([[1.],
       [1.]])
mu: 
array([[-0.38829551],
       [-2.51849549]])
sigma: 
array([[0.58777162],
       [1.50396967]])
phi: 
array([0.01828821, 0.02112307])
upsilon: 
array([1.68374537e-05, 1.09197409e-01])
P(states|y): 
array([0.4458388, 0.5541612])


2018-06-11 12:36 - DEBUG - gmmhmm : 550 - Training step with K=2 - Iter 0
pi: 
array([0.5, 0.5])
A: 
array([[0.71020019, 0.28979981],
       [0.19677996, 0.80322004]])
w: 
array([[0.5, 0.5],
       [0.5, 0.5]])
mu: 
array([[-1.0282184, -0.222519 ],
       [-2.764078 , -1.8341577]], dtype=float32)
sigma: 
array([[2.187847, 2.187847],
       [2.187847, 2.187847]], dtype=float32)
phi: 
array([0.00891841, 0.00891841])
upsilon: 
array([0.01759013, 0.09967742])
P(states|y): 
array([0.5, 0.5])


2018-06-11 12:36 - INFO - gmmhmm : 789 - Training with K=2 - iter #0 : logL nan
2018-06-11 12:36 - DEBUG - gmmhmm : 550 - Training step with K=2 - Iter 1
pi: 
array([0.48571919, 0.51428081])
A: 
array([[0.75907026, 0.24092974],
       [0.1663938 , 0.8336062 ]])
w: 
array([[0.50347516, 0.49652484],
       [0.49816929, 0.50183071]])
mu: 
array([[-0.8647137 , -0.47459547],
       [-2.66957599, -1.92614506]])
sigma: 
array([[1.19866387, 1.02222381],
       [2.02551171, 1.56401744]])
phi: 
array([0.01720822, 0.02219173])
upsilon: 
array([0.00657049, 0.10149788])
P(states|y): 
array([0.45138347, 0.54861653])


2018-06-11 12:36 - INFO - gmmhmm : 789 - Training with K=2 - iter #1 : logL -2.007e+04
2018-06-11 12:36 - DEBUG - gmmhmm : 550 - Training step with K=2 - Iter 2
pi: 
array([0.47986767, 0.52013233])
A: 
array([[0.80446219, 0.19553781],
       [0.14331213, 0.85668787]])
w: 
array([[0.4894973 , 0.5105027 ],
       [0.50827757, 0.49172243]])
mu: 
array([[-0.71097387, -0.42361555],
       [-2.80770462, -2.09830624]])
sigma: 
array([[0.91890206, 0.74060591],
       [2.00113537, 1.27611811]])
phi: 
array([0.01780507, 0.02134813])
upsilon: 
array([0.00259689, 0.10525017])
P(states|y): 
array([0.47182912, 0.52817088])


2018-06-11 12:36 - INFO - gmmhmm : 789 - Training with K=2 - iter #2 : logL -1.934e+04
2018-06-11 12:36 - DEBUG - gmmhmm : 550 - Training step with K=2 - Iter 3
pi: 
array([0.47601143, 0.52398857])
A: 
array([[0.8229571 , 0.1770429 ],
       [0.13023659, 0.86976341]])
w: 
array([[0.47967139, 0.52032861],
       [0.50528077, 0.49471923]])
mu: 
array([[-0.6167833 , -0.37765977],
       [-2.86948619, -2.18721313]])
sigma: 
array([[0.78661288, 0.63308197],
       [1.93788865, 1.01096999]])
phi: 
array([0.01877338, 0.02045362])
upsilon: 
array([0.00122483, 0.10709386])
P(states|y): 
array([0.47344767, 0.52655233])


2018-06-11 12:36 - INFO - gmmhmm : 789 - Training with K=2 - iter #3 : logL -1.898e+04
2018-06-11 12:36 - DEBUG - gmmhmm : 550 - Training step with K=2 - Iter 4
pi: 
array([0.47545543, 0.52454457])
A: 
array([[0.82474972, 0.17525028],
       [0.12603256, 0.87396744]])
w: 
array([[0.47354963, 0.52645037],
       [0.49505144, 0.50494856]])
mu: 
array([[-0.55631839, -0.34538077],
       [-2.90089709, -2.21075629]])
sigma: 
array([[0.71526143, 0.58147415],
       [1.95672408, 0.83529906]])
phi: 
array([0.01907781, 0.02025161])
upsilon: 
array([0.00067019, 0.10803225])
P(states|y): 
array([0.46745274, 0.53254726])


2018-06-11 12:36 - INFO - gmmhmm : 789 - Training with K=2 - iter #4 : logL -1.883e+04
2018-06-11 12:36 - DEBUG - gmmhmm : 550 - Training step with K=2 - Iter 5
pi: 
array([0.47690244, 0.52309756])
A: 
array([[0.82106547, 0.17893453],
       [0.12557311, 0.87442689]])
w: 
array([[0.46970787, 0.53029213],
       [0.4824179 , 0.5175821 ]])
mu: 
array([[-0.51599069, -0.32463032],
       [-2.92700407, -2.20877514]])
sigma: 
array([[0.66980943, 0.5527501 ],
       [2.00301051, 0.7259203 ]])
phi: 
array([0.01898155, 0.02041481])
upsilon: 
array([0.00038585, 0.10857042])
P(states|y): 
array([0.46110516, 0.53889484])


2018-06-11 12:36 - INFO - gmmhmm : 789 - Training with K=2 - iter #5 : logL -1.876e+04
2018-06-11 12:36 - DEBUG - gmmhmm : 550 - Training step with K=2 - Iter 6
pi: 
array([0.4789391, 0.5210609])
A: 
array([[0.81677268, 0.18322732],
       [0.12614727, 0.87385273]])
w: 
array([[0.46724837, 0.53275163],
       [0.46988482, 0.53011518]])
mu: 
array([[-0.48784187, -0.31153658],
       [-2.95459149, -2.19921133]])
sigma: 
array([[0.63791097, 0.53602659],
       [2.04189592, 0.65782638]])
phi: 
array([0.01879186, 0.02064439])
upsilon: 
array([0.00022234, 0.10889024])
P(states|y): 
array([0.45621357, 0.54378643])


2018-06-11 12:36 - INFO - gmmhmm : 789 - Training with K=2 - iter #6 : logL -1.872e+04
2018-06-11 12:36 - DEBUG - gmmhmm : 550 - Training step with K=2 - Iter 7
pi: 
array([0.48096402, 0.51903598])
A: 
array([[0.81321447, 0.18678553],
       [0.12688858, 0.87311142]])
w: 
array([[0.46566705, 0.53433295],
       [0.45853883, 0.54146117]])
mu: 
array([[-0.46761207, -0.30339295],
       [-2.98371915, -2.18818508]])
sigma: 
array([[0.61440669, 0.52665211],
       [2.06467141, 0.61539316]])
phi: 
array([0.0186261 , 0.02083569])
upsilon: 
array([0.00012677, 0.10908504])
P(states|y): 
array([0.45282538, 0.54717462])


2018-06-11 12:36 - INFO - gmmhmm : 789 - Training with K=2 - iter #7 : logL -1.87e+04
2018-06-11 12:37 - DEBUG - gmmhmm : 550 - Training step with K=2 - Iter 8
pi: 
array([0.48278854, 0.51721146])
A: 
array([[0.81052503, 0.18947497],
       [0.12756915, 0.87243085]])
w: 
array([[0.46465025, 0.53534975],
       [0.44864879, 0.55135121]])
mu: 
array([[-0.45277212, -0.29839437],
       [-3.01280667, -2.17772143]])
sigma: 
array([[0.59652782, 0.52207479],
       [2.07296422, 0.58904215]])
phi: 
array([0.01850721, 0.02097169])
upsilon: 
array([7.15841503e-05, 1.09205224e-01])
P(states|y): 
array([0.45056574, 0.54943426])


2018-06-11 12:37 - INFO - gmmhmm : 789 - Training with K=2 - iter #8 : logL -1.869e+04
2018-06-11 12:37 - DEBUG - gmmhmm : 550 - Training step with K=2 - Iter 9
pi: 
array([0.4843616, 0.5156384])
A: 
array([[0.80854217, 0.19145783],
       [0.12813834, 0.87186166]])
w: 
array([[0.46399143, 0.53600857],
       [0.4400982 , 0.5599018 ]])
mu: 
array([[-0.44168599, -0.29533094],
       [-3.04051793, -2.16846513]])
sigma: 
array([[0.58246846, 0.52065284],
       [2.07112977, 0.5728365 ]])
phi: 
array([0.01842818, 0.02106228])
upsilon: 
array([4.01587035e-05, 1.09279960e-01])
P(states|y): 
array([0.44905874, 0.55094126])


2018-06-11 12:37 - INFO - gmmhmm : 789 - Training with K=2 - iter #9 : logL -1.868e+04
2018-06-11 12:37 - DEBUG - gmmhmm : 550 - Training step with K=2 - Iter 10
pi: 
array([0.48567507, 0.51432493])
A: 
array([[0.80707933, 0.19292067],
       [0.12859398, 0.87140602]])
w: 
array([[0.4635564 , 0.5364436 ],
       [0.43264593, 0.56735407]])
mu: 
array([[-0.43327546, -0.29340425],
       [-3.06612663, -2.16056132]])
sigma: 
array([[0.57097299, 0.52128132],
       [2.06336001, 0.56307131]])
phi: 
array([0.0183768 , 0.02112142])
upsilon: 
array([2.24391509e-05, 1.09326877e-01])
P(states|y): 
array([0.44802622, 0.55197378])


2018-06-11 12:37 - INFO - gmmhmm : 789 - Training with K=2 - iter #10 : logL -1.868e+04
2018-06-11 12:37 - DEBUG - gmmhmm : 550 - Training step with K=2 - Iter 11
pi: 
array([0.4867401, 0.5132599])
A: 
array([[0.80598719, 0.19401281],
       [0.12894838, 0.87105162]])
w: 
array([[0.46326091, 0.53673909],
       [0.42604999, 0.57395001]])
mu: 
array([[-0.4268318 , -0.2920948 ],
       [-3.08938915, -2.1539666 ]])
sigma: 
array([[0.56117447, 0.52322566],
       [2.05280183, 0.55742496]])
phi: 
array([0.01834292, 0.02116047])
upsilon: 
array([1.25088833e-05, 1.09356732e-01])
P(states|y): 
array([0.44728502, 0.55271498])


2018-06-11 12:37 - INFO - gmmhmm : 789 - Training with K=2 - iter #11 : logL -1.867e+04
2018-06-11 12:37 - DEBUG - gmmhmm : 550 - Training step with K=2 - Iter 12
pi: 
array([0.48758017, 0.51241983])
A: 
array([[0.8051576 , 0.1948424 ],
       [0.12921808, 0.87078192]])
w: 
array([[0.46305352, 0.53694648],
       [0.42011118, 0.57988882]])
mu: 
array([[-0.42188966, -0.2910672 ],
       [-3.11035044, -2.14856831]])
sigma: 
array([[0.55248749, 0.52601033],
       [2.04150786, 0.55443749]])
phi: 
array([0.01831959, 0.02118722])
upsilon: 
array([6.96366862e-06, 1.09376066e-01])
P(states|y): 
array([0.44672184, 0.55327816])


2018-06-11 12:37 - INFO - gmmhmm : 789 - Training with K=2 - iter #12 : logL -1.867e+04
2018-06-11 12:37 - DEBUG - gmmhmm : 550 - Training step with K=2 - Iter 13
pi: 
array([0.48822614, 0.51177386])
A: 
array([[0.80451495, 0.19548505],
       [0.12941978, 0.87058022]])
w: 
array([[0.46290359, 0.53709641],
       [0.414679  , 0.585321  ]])
mu: 
array([[-0.41814155, -0.29010642],
       [-3.12919859, -2.14423264]])
sigma: 
array([[0.54452406, 0.52933395],
       [2.03067314, 0.55318653]])
phi: 
array([0.01830251, 0.02120657])
upsilon: 
array([3.87340953e-06, 1.09388847e-01])
P(states|y): 
array([0.44626941, 0.55373059])


2018-06-11 12:37 - INFO - gmmhmm : 789 - Training with K=2 - iter #13 : logL -1.867e+04
2018-06-11 12:37 - DEBUG - gmmhmm : 550 - Training step with K=2 - Iter 14
pi: 
array([0.48871169, 0.51128831])
A: 
array([[0.80400692, 0.19599308],
       [0.12956858, 0.87043142]])
w: 
array([[0.46279318, 0.53720682],
       [0.40964409, 0.59035591]])
mu: 
array([[-0.41538107, -0.28907581],
       [-3.14617574, -2.14082486]])
sigma: 
array([[0.5370302 , 0.5330067 ],
       [2.02091005, 0.55308511]])
phi: 
array([0.01828915, 0.02122146])
upsilon: 
array([2.15327314e-06, 1.09397480e-01])
P(states|y): 
array([0.44588881, 0.55411119])


2018-06-11 12:37 - DEBUG - gmmhmm : 550 - Training step with K=3 - Iter 0
pi: 
array([0.5, 0.5])
A: 
array([[0.71020019, 0.28979981],
       [0.19677996, 0.80322004]])
w: 
array([[0.33333333, 0.33333333, 0.33333333],
       [0.33333333, 0.33333333, 0.33333333]])
mu: 
array([[-1.1392736 , -0.5646548 ,  0.01199913],
       [-3.116574  , -2.3227878 , -1.715239  ]], dtype=float32)
sigma: 
array([[2.187847, 2.187847, 2.187847],
       [2.187847, 2.187847, 2.187847]], dtype=float32)
phi: 
array([0.00891841, 0.00891841])
upsilon: 
array([0.01759013, 0.09967742])
P(states|y): 
array([0.5, 0.5])


2018-06-11 12:37 - INFO - gmmhmm : 789 - Training with K=3 - iter #0 : logL nan
2018-06-11 12:37 - DEBUG - gmmhmm : 550 - Training step with K=3 - Iter 1
pi: 
array([0.48958477, 0.51041523])
A: 
array([[0.76233633, 0.23766367],
       [0.1670731 , 0.8329269 ]])
w: 
array([[0.33646265, 0.34231408, 0.32122327],
       [0.32146432, 0.33999656, 0.33853912]])
mu: 
array([[-0.93308343, -0.64619479, -0.39436843],
       [-2.90836571, -2.24985523, -1.82706063]])
sigma: 
array([[1.21331344, 1.02563686, 1.06199146],
       [2.12623262, 1.6214263 , 1.45533167]])
phi: 
array([0.01728906, 0.02216008])
upsilon: 
array([0.00664711, 0.10157074])
P(states|y): 
array([0.45633337, 0.54366663])


2018-06-11 12:37 - INFO - gmmhmm : 789 - Training with K=3 - iter #1 : logL -2.013e+04
2018-06-11 12:37 - DEBUG - gmmhmm : 550 - Training step with K=3 - Iter 2
pi: 
array([0.48320055, 0.51679945])
A: 
array([[0.80581657, 0.19418343],
       [0.14314531, 0.85685469]])
w: 
array([[0.3235276 , 0.34728315, 0.32918925],
       [0.32944772, 0.34119712, 0.32935516]])
mu: 
array([[-0.76255686, -0.55050191, -0.36954591],
       [-3.03310245, -2.36545189, -2.00876602]])
sigma: 
array([[0.94235197, 0.772897  , 0.74594325],
       [2.19122235, 1.33220302, 1.19242737]])
phi: 
array([0.01798805, 0.0211628 ])
upsilon: 
array([0.00266433, 0.10521554])
P(states|y): 
array([0.47320363, 0.52679637])


2018-06-11 12:37 - INFO - gmmhmm : 789 - Training with K=3 - iter #2 : logL -1.931e+04
2018-06-11 12:37 - DEBUG - gmmhmm : 550 - Training step with K=3 - Iter 3
pi: 
array([0.47947441, 0.52052559])
A: 
array([[0.82288337, 0.17711663],
       [0.13016274, 0.86983726]])
w: 
array([[0.31424325, 0.34941309, 0.33634365],
       [0.32611804, 0.34467305, 0.32920891]])
mu: 
array([[-0.65567881, -0.48308936, -0.32965342],
       [-3.09704012, -2.41047734, -2.11266835]])
sigma: 
array([[0.80718648, 0.66621502, 0.63121053],
       [2.20702494, 1.08515729, 0.96417508]])
phi: 
array([0.01885307, 0.02037543])
upsilon: 
array([0.00127205, 0.10705669])
P(states|y): 
array([0.47303287, 0.52696713])


2018-06-11 12:37 - INFO - gmmhmm : 789 - Training with K=3 - iter #3 : logL -1.895e+04
2018-06-11 12:37 - DEBUG - gmmhmm : 550 - Training step with K=3 - Iter 4
pi: 
array([0.47957904, 0.52042096])
A: 
array([[0.82385094, 0.17614906],
       [0.12646862, 0.87353138]])
w: 
array([[0.30854839, 0.35046736, 0.34098425],
       [0.31807064, 0.34825731, 0.33367205]])
mu: 
array([[-0.58821048, -0.44017795, -0.30125056],
       [-3.14212471, -2.41149987, -2.14950475]])
sigma: 
array([[0.73035014, 0.61050274, 0.57715018],
       [2.27346605, 0.93819993, 0.81513004]])
phi: 
array([0.01910072, 0.02023646])
upsilon: 
array([0.00070577, 0.10802047])
P(states|y): 
array([0.46694707, 0.53305293])


2018-06-11 12:37 - INFO - gmmhmm : 789 - Training with K=3 - iter #4 : logL -1.879e+04
2018-06-11 12:37 - DEBUG - gmmhmm : 550 - Training step with K=3 - Iter 5
pi: 
array([0.48178771, 0.51821229])
A: 
array([[0.81974393, 0.18025607],
       [0.1265517 , 0.8734483 ]])
w: 
array([[0.30507041, 0.35108437, 0.34384521],
       [0.30980097, 0.35119449, 0.33900454]])
mu: 
array([[-0.54405061, -0.41357907, -0.28344575],
       [-3.18427814, -2.40090776, -2.15710799]])
sigma: 
array([[0.68085924, 0.57761521, 0.54903897],
       [2.33286887, 0.85645549, 0.72486769]])
phi: 
array([0.0189986 , 0.02040837])
upsilon: 
array([0.00041369, 0.10856945])
P(states|y): 
array([0.46121299, 0.53878701])


2018-06-11 12:37 - INFO - gmmhmm : 789 - Training with K=3 - iter #5 : logL -1.872e+04
2018-06-11 12:37 - DEBUG - gmmhmm : 550 - Training step with K=3 - Iter 6
pi: 
array([0.48434653, 0.51565347])
A: 
array([[0.8153082 , 0.1846918 ],
       [0.12752371, 0.87247629]])
w: 
array([[0.30291569, 0.35149158, 0.34559273],
       [0.3027655 , 0.35343767, 0.34379683]])
mu: 
array([[-0.51384825, -0.3970317 , -0.27252921],
       [-3.22481152, -2.39019441, -2.1532832 ]])
sigma: 
array([[0.64645016, 0.55711411, 0.5347951 ],
       [2.36008128, 0.81167289, 0.6692761 ]])
phi: 
array([0.01882568, 0.02062112])
upsilon: 
array([0.00024378, 0.10889165])
P(states|y): 
array([0.45701344, 0.54298656])


2018-06-11 12:37 - INFO - gmmhmm : 789 - Training with K=3 - iter #6 : logL -1.869e+04
2018-06-11 12:37 - DEBUG - gmmhmm : 550 - Training step with K=3 - Iter 7
pi: 
array([0.48651121, 0.51348879])
A: 
array([[0.81179192, 0.18820808],
       [0.1284611 , 0.8715389 ]])
w: 
array([[0.30156204, 0.35177801, 0.34665995],
       [0.29711204, 0.3551282 , 0.34775976]])
mu: 
array([[-0.49246447, -0.38667652, -0.26575495],
       [-3.26234758, -2.38207708, -2.14479085]])
sigma: 
array([[0.62131284, 0.54398331, 0.52880602],
       [2.35965079, 0.7879049 , 0.63354813]])
phi: 
array([0.01868021, 0.02079002])
upsilon: 
array([0.00014257, 0.10908424])
P(states|y): 
array([0.4541205, 0.5458795])


2018-06-11 12:37 - INFO - gmmhmm : 789 - Training with K=3 - iter #7 : logL -1.868e+04
2018-06-11 12:37 - DEBUG - gmmhmm : 550 - Training step with K=3 - Iter 8
pi: 
array([0.48812542, 0.51187458])
A: 
array([[0.80924709, 0.19075291],
       [0.12916698, 0.87083302]])
w: 
array([[0.30069243, 0.35198604, 0.34732153],
       [0.29256181, 0.3564462 , 0.35099199]])
mu: 
array([[-0.4768964 , -0.38017781, -0.26136707],
       [-3.2958384 , -2.37686201, -2.13439598]])
sigma: 
array([[0.60205348, 0.53528146, 0.5278942 ],
       [2.34274806, 0.77616236, 0.60925126]])
phi: 
array([0.0185762 , 0.02090823])
upsilon: 
array([8.26925823e-05, 1.09200758e-01])
P(states|y): 
array([0.45212039, 0.54787961])


2018-06-11 12:37 - INFO - gmmhmm : 789 - Training with K=3 - iter #8 : logL -1.867e+04
2018-06-11 12:37 - DEBUG - gmmhmm : 550 - Training step with K=3 - Iter 9
pi: 
array([0.48926059, 0.51073941])
A: 
array([[0.80744731, 0.19255269],
       [0.12965512, 0.87034488]])
w: 
array([[0.30011399, 0.35213899, 0.34774703],
       [0.28878838, 0.35754167, 0.35366995]])
mu: 
array([[-0.46530521, -0.37611493, -0.25826862],
       [-3.32504466, -2.37431802, -2.12335615]])
sigma: 
array([[0.58650637, 0.52916187, 0.53011957],
       [2.31850806, 0.77132309, 0.59162348]])
phi: 
array([0.0185047 , 0.02098851])
upsilon: 
array([4.76554818e-05, 1.09272040e-01])
P(states|y): 
array([0.4506953, 0.5493047])


2018-06-11 12:37 - INFO - gmmhmm : 789 - Training with K=3 - iter #9 : logL -1.866e+04
2018-06-11 12:37 - DEBUG - gmmhmm : 550 - Training step with K=3 - Iter 10
pi: 
array([0.49004277, 0.50995723])
A: 
array([[0.80616379, 0.19383621],
       [0.12998246, 0.87001754]])
w: 
array([[0.29971216, 0.35225055, 0.3480373 ],
       [0.28553149, 0.35852029, 0.35594821]])
mu: 
array([[-0.4565424 , -0.37362492, -0.25577277],
       [-3.35023313, -2.37413399, -2.11227159]])
sigma: 
array([[0.57329168, 0.52447494, 0.53429284],
       [2.29266323, 0.77045716, 0.5779632 ]])
phi: 
array([0.01845493, 0.02104383])
upsilon: 
array([2.73373925e-05, 1.09316263e-01])
P(states|y): 
array([0.44963906, 0.55036094])


2018-06-11 12:37 - INFO - gmmhmm : 789 - Training with K=3 - iter #10 : logL -1.866e+04
2018-06-11 12:37 - DEBUG - gmmhmm : 550 - Training step with K=3 - Iter 11
pi: 
array([0.4905875, 0.5094125])
A: 
array([[0.80522462, 0.19477538],
       [0.13020176, 0.86979824]])
w: 
array([[0.29942035, 0.35232917, 0.34825048],
       [0.28260807, 0.35945138, 0.35794054]])
mu: 
array([[-0.44987893, -0.37218451, -0.25344673],
       [-3.37187364, -2.37601888, -2.10142028]])
sigma: 
array([[0.56155115, 0.52052318, 0.53969272],
       [2.26830314, 0.77188627, 0.56672149]])
phi: 
array([0.01841903, 0.0210834 ])
upsilon: 
array([1.56303001e-05, 1.09344212e-01])
P(states|y): 
array([0.44882437, 0.55117563])


2018-06-11 12:37 - INFO - gmmhmm : 789 - Training with K=3 - iter #11 : logL -1.866e+04
2018-06-11 12:37 - DEBUG - gmmhmm : 550 - Training step with K=3 - Iter 12
pi: 
array([0.49098298, 0.50901702])
A: 
array([[0.8045127 , 0.1954873 ],
       [0.13035203, 0.86964797]])
w: 
array([[0.29920036, 0.3523804 , 0.34841924],
       [0.27989519, 0.36037929, 0.35972552]])
mu: 
array([[-0.44484074, -0.37147656, -0.25101804],
       [-3.39047264, -2.37971716, -2.09091207]])
sigma: 
array([[0.55076325, 0.5168927 , 0.54587841],
       [2.2468624 , 0.77464512, 0.55699595]])
phi: 
array([0.01839199, 0.02111305])
upsilon: 
array([8.91496571e-06, 1.09362284e-01])
P(states|y): 
array([0.44817308, 0.55182692])


2018-06-11 12:37 - INFO - gmmhmm : 789 - Training with K=3 - iter #12 : logL -1.865e+04
2018-06-11 12:37 - DEBUG - gmmhmm : 550 - Training step with K=3 - Iter 13
pi: 
array([0.49129106, 0.50870894])
A: 
array([[0.80395123, 0.19604877],
       [0.13045973, 0.86954027]])
w: 
array([[0.29903035, 0.35240829, 0.34856137],
       [0.2773109 , 0.36133254, 0.36135656]])
mu: 
array([[-0.44110743, -0.37130722, -0.248319  ],
       [-3.40650153, -2.38500693, -2.08076943]])
sigma: 
array([[0.54061956, 0.51334407, 0.55256735],
       [2.2288511 , 0.77817219, 0.5482487 ]])
phi: 
array([0.01837073, 0.02113635])
upsilon: 
array([5.07525968e-06, 1.09374271e-01])
P(states|y): 
array([0.44763645, 0.55236355])


2018-06-11 12:37 - DEBUG - gmmhmm : 550 - Training step with K=2 - Iter 14
pi: 
array([0.48871169, 0.51128831])
A: 
array([[0.80400692, 0.19599308],
       [0.12956858, 0.87043142]])
w: 
array([[0.46279318, 0.53720682],
       [0.40964409, 0.59035591]])
mu: 
array([[-0.41538107, -0.28907581],
       [-3.14617574, -2.14082486]])
sigma: 
array([[0.5370302 , 0.5330067 ],
       [2.02091005, 0.55308511]])
phi: 
array([0.01828915, 0.02122146])
upsilon: 
array([2.15327314e-06, 1.09397480e-01])
P(states|y): 
array([0.44588881, 0.55411119])


2018-06-11 12:37 - INFO - cli : 275 - Optimal K  ->              2
2018-06-11 12:37 - INFO - cli : 288 - Training                   ... done in 00:00:52
2018-06-11 12:37 - INFO - cli : 298 - Building the scoring set   
2018-06-11 12:37 - INFO - cli : 304 - Building the scoring set   ... done in 00:00:00
2018-06-11 12:37 - INFO - cli : 312 - Scoring set summary - 
       Initial transcripts        21
       Passed QC                  21
       Used transcripts           21
       # Data points              10164
2018-06-11 12:37 - INFO - cli : 339 - Computing outputs          
2018-06-11 12:37 - INFO - cli : 370 - Computing outputs          ... done in 00:00:04
2018-06-11 12:37 - INFO - cli : 376 - Computing c-scores         
2018-06-11 12:37 - INFO - cli : 383 - Computing c-scores         ... done in 00:00:00
2018-06-11 12:37 - INFO - cli : 386 - Sorting scores             
2018-06-11 12:37 - INFO - cli : 393 - Sorting scores             ... done in 00:00:00
2018-06-11 12:37 - INFO - cli : 395 - Task                       ... done in 00:00:57
2018-06-11 12:37 - INFO - cli : 396 - Output written to  ->      sample_data/sample_output
