2018-01-18 14:31 - DEBUG - cli : 103 - 
=========================================================
Running pattern mining with the following parameters:
=========================================================
A: [[ 0.5  0.5]
 [ 0.5  0.5]]
GQ: None
NAN: False
config: tests/sample_cfg.yaml
epsilon: 0.0001
fasta: sample_data/weeks_set.fa
filter_test: False
forbid_N_pairs: False
input: sample_data/weeks_set.shape
k: 5
log: True
maxiter: 100
min_density: 0.5
model: None
motif: ((((...))))
mu: [[ 0.5  1.   1.5  2.   2.5]
 [-0.5 -1.  -1.5 -2.  -2.5]]
n: -1
n_tasks: -1
no_prompt: True
nogmm: False
output: sample_data/sample_output
path: None
pattern: None
phi: [ 0.5  0.5]
pi: [ 0.5  0.5]
posteriors: True
reference: None
seq: False
sigma: [[ 0.5  0.5  0.5  0.5  0.5]
 [ 0.5  0.5  0.5  0.5  0.5]]
upsilon: [ 0.15  0.85]
verbose: True
viterbi: True
w: [[ 1.  1.  1.  1.  1.]
 [ 1.  1.  1.  1.  1.]]
wmin: 0
=========================================================
2018-01-18 14:31 - INFO - cli : 107 - Target motif -> ((((...))))
2018-01-18 14:31 - INFO - gmmhmm : 1081 - Running patteRNA using 4 parallel processes.
2018-01-18 14:31 - INFO - cli : 126 - Loading input data ...
2018-01-18 14:31 - INFO - cli : 153 - Loading ... done in 00:00:00
2018-01-18 14:31 - INFO - cli : 155 - Transcript #: Initial 21 | Train 21
2018-01-18 14:31 - INFO - cli : 185 - Training ...
2018-01-18 14:31 - DEBUG - gmmhmm : 462 - 
pi: 
array([ 0.5,  0.5])
A: 
array([[ 0.5,  0.5],
       [ 0.5,  0.5]])
w: 
array([[ 0.2,  0.2,  0.2,  0.2,  0.2],
       [ 0.2,  0.2,  0.2,  0.2,  0.2]], dtype=float32)
mu: 
array([[ 0.5,  1. ,  1.5,  2. ,  2.5],
       [-0.5, -1. , -1.5, -2. , -2.5]])
sigma: 
array([[ 0.5,  0.5,  0.5,  0.5,  0.5],
       [ 0.5,  0.5,  0.5,  0.5,  0.5]])
phi: 
array([ 0.00891841,  0.00891841])
upsilon: 
array([ 0.01759013,  0.09967742])
P(states|y): 
array([ 0.5,  0.5])


2018-01-18 14:31 - INFO - gmmhmm : 708 - iter #1 : logL -26586.47
2018-01-18 14:31 - DEBUG - gmmhmm : 462 - 
pi: 
array([ 0.29549428,  0.70450572])
A: 
array([[ 0.39817862,  0.60182138],
       [ 0.13243614,  0.86756386]])
w: 
array([[ 0.51938072,  0.29148127,  0.12945459,  0.04600233,  0.0136811 ],
       [ 0.16339705,  0.1708057 ,  0.17430325,  0.19594714,  0.29554686]])
mu: 
array([[ 0.03710278,  0.30499569,  0.57151708,  0.86153615,  1.2109963 ],
       [-0.59153128, -1.01400015, -1.54666381, -2.21503227, -3.21237349]])
sigma: 
array([[ 0.49173312,  0.75193673,  1.14696119,  1.64609524,  2.18089823],
       [ 0.38485589,  0.47558657,  0.59672714,  0.80893767,  1.95494256]])
phi: 
array([ 0.01978984,  0.01978984])
upsilon: 
array([ 0.01646839,  0.09332087])
P(states|y): 
array([ 0.16948447,  0.83051553])


2018-01-18 14:31 - INFO - gmmhmm : 708 - iter #2 : logL -19797.56
2018-01-18 14:31 - DEBUG - gmmhmm : 462 - 
pi: 
array([ 0.28784661,  0.71215339])
A: 
array([[ 0.58653788,  0.41346212],
       [ 0.09597096,  0.90402904]])
w: 
array([[ 0.56472828,  0.28476292,  0.10918304,  0.03306754,  0.00825821],
       [ 0.14499419,  0.16077272,  0.17762986,  0.2140998 ,  0.30250342]])
mu: 
array([[ 0.0092387 ,  0.14231478,  0.21463629,  0.25614493,  0.30162777],
       [-0.65213435, -1.08204142, -1.63336485, -2.2738225 , -3.14809022]])
sigma: 
array([[ 0.34964478,  0.48798881,  0.74071186,  1.13870729,  1.72956051],
       [ 0.3631252 ,  0.47799384,  0.59584769,  0.72512499,  1.83628218]])
phi: 
array([ 0.00767665,  0.03114482])
upsilon: 
array([ 0.00268189,  0.10566578])
P(states|y): 
array([ 0.2089653,  0.7910347])


2018-01-18 14:31 - INFO - gmmhmm : 708 - iter #3 : logL -19171.59
2018-01-18 14:31 - DEBUG - gmmhmm : 462 - 
pi: 
array([ 0.2912487,  0.7087513])
A: 
array([[ 0.71640449,  0.28359551],
       [ 0.08365612,  0.91634388]])
w: 
array([[ 0.57935063,  0.28106849,  0.10299978,  0.0296321 ,  0.006949  ],
       [ 0.12281584,  0.15071944,  0.18151686,  0.23092466,  0.3140232 ]])
mu: 
array([[-0.02363685,  0.07960707,  0.12094579,  0.13129596,  0.1323975 ],
       [-0.76643816, -1.18313702, -1.71259868, -2.31508571, -3.16117428]])
sigma: 
array([[ 0.30427205,  0.41285935,  0.59914522,  0.86037548,  1.18267943],
       [ 0.33947425,  0.44438978,  0.55862997,  0.66354004,  1.831342  ]])
phi: 
array([ 0.0090203 ,  0.02975151])
upsilon: 
array([ 0.00033457,  0.10937065])
P(states|y): 
array([ 0.25650946,  0.74349054])


2018-01-18 14:31 - INFO - gmmhmm : 708 - iter #4 : logL -18878.07
2018-01-18 14:31 - DEBUG - gmmhmm : 462 - 
pi: 
array([ 0.29704994,  0.70295006])
A: 
array([[ 0.75889116,  0.24110884],
       [ 0.08222949,  0.91777051]])
w: 
array([[ 0.58325093,  0.27898924,  0.10172983,  0.02920773,  0.00682228],
       [ 0.10957565,  0.14488561,  0.18426517,  0.24241736,  0.31885621]])
mu: 
array([[-0.06464924,  0.03207165,  0.0735198 ,  0.10063209,  0.1327167 ],
       [-0.8565881 , -1.25254792, -1.76126626, -2.34097464, -3.17526943]])
sigma: 
array([[ 0.3010925 ,  0.41099337,  0.59648779,  0.84901215,  1.13455757],
       [ 0.3140467 ,  0.40885659,  0.52944774,  0.62932145,  1.86839464]])
phi: 
array([ 0.01123388,  0.02764178])
upsilon: 
array([  5.22040251e-05,   1.10202607e-01])
P(states|y): 
array([ 0.28528803,  0.71471197])


2018-01-18 14:31 - INFO - gmmhmm : 708 - iter #5 : logL -18788.45
2018-01-18 14:31 - DEBUG - gmmhmm : 462 - 
pi: 
array([ 0.30779253,  0.69220747])
A: 
array([[ 0.77095203,  0.22904797],
       [ 0.08572608,  0.91427392]])
w: 
array([[ 0.58448146,  0.2777542 ,  0.10156816,  0.02931841,  0.00687776],
       [ 0.10133288,  0.14084204,  0.18574965,  0.25114475,  0.32093068]])
mu: 
array([[-0.10212982, -0.00750718,  0.03762193,  0.08483171,  0.14840036],
       [-0.91988358, -1.2978885 , -1.79575458, -2.36457934, -3.1865708 ]])
sigma: 
array([[ 0.30783539,  0.42377883,  0.61773269,  0.87926311,  1.15786195],
       [ 0.29075008,  0.38174892,  0.51214397,  0.60943292,  1.90963731]])
phi: 
array([ 0.01251419,  0.02649524])
upsilon: 
array([  1.03176491e-05,   1.10152617e-01])
P(states|y): 
array([ 0.30490143,  0.69509857])


2018-01-18 14:31 - INFO - gmmhmm : 708 - iter #6 : logL -18746.48
2018-01-18 14:31 - DEBUG - gmmhmm : 462 - 
pi: 
array([ 0.32118788,  0.67881212])
A: 
array([[ 0.77504081,  0.22495919],
       [ 0.09052608,  0.90947392]])
w: 
array([[ 0.58510697,  0.27695336,  0.10158209,  0.02943396,  0.00692362],
       [ 0.09503073,  0.137304  ,  0.18658923,  0.25898493,  0.32209111]])
mu: 
array([[-0.13486548, -0.04138283,  0.00724124,  0.07212056,  0.16005335],
       [-0.96979361, -1.33328013, -1.82574439, -2.38848085, -3.19706089]])
sigma: 
array([[ 0.316385  ,  0.43755685,  0.63702342,  0.90273848,  1.1692828 ],
       [ 0.27019398,  0.36000467,  0.49983191,  0.59531708,  1.94069255]])
phi: 
array([ 0.01330213,  0.02581669])
upsilon: 
array([  2.39543192e-06,   1.09978036e-01])
P(states|y): 
array([ 0.32108225,  0.67891775])


2018-01-18 14:31 - INFO - gmmhmm : 708 - iter #7 : logL -18718.34
2018-01-18 14:31 - DEBUG - gmmhmm : 462 - 
pi: 
array([ 0.33554825,  0.66445175])
A: 
array([[ 0.77713935,  0.22286065],
       [ 0.09532469,  0.90467531]])
w: 
array([[ 0.58555063,  0.2764149 ,  0.10160311,  0.02948937,  0.00694199],
       [ 0.08981394,  0.13409847,  0.18714821,  0.26635022,  0.32258917]])
mu: 
array([[-0.16357032, -0.0706305 , -0.01864317,  0.06145272,  0.1674735 ],
       [-1.01216672, -1.36358164, -1.85313952, -2.41170858, -3.20795634]])
sigma: 
array([[ 0.3251719 ,  0.45012095,  0.65126631,  0.9154858 ,  1.16530264],
       [ 0.2518665 ,  0.34124645,  0.48923511,  0.58419416,  1.96373596]])
phi: 
array([ 0.01390789,  0.02530013])
upsilon: 
array([  6.26474571e-07,   1.09825312e-01])
P(states|y): 
array([ 0.33520607,  0.66479393])


2018-01-18 14:31 - INFO - gmmhmm : 708 - iter #8 : logL -18697.09
2018-01-18 14:31 - DEBUG - gmmhmm : 462 - 
pi: 
array([ 0.34997229,  0.65002771])
A: 
array([[ 0.77875522,  0.22124478],
       [ 0.09972351,  0.90027649]])
w: 
array([[ 0.585913  ,  0.27604342,  0.10160387,  0.02949747,  0.00694223],
       [ 0.08541939,  0.13123789,  0.18758812,  0.27329651,  0.3224581 ]])
mu: 
array([[-0.18894509, -0.09594276, -0.04041492,  0.05316101,  0.17301805],
       [-1.04910648, -1.39028145, -1.8781473 , -2.43356973, -3.21951824]])
sigma: 
array([[ 0.33381188,  0.46125463,  0.66122902,  0.92066095,  1.15302115],
       [ 0.2353873 ,  0.32452718,  0.47929097,  0.57516394,  1.98205781]])
phi: 
array([ 0.01442145,  0.02485913])
upsilon: 
array([  1.80502158e-07,   1.09711394e-01])
P(states|y): 
array([ 0.34764816,  0.65235184])


2018-01-18 14:31 - INFO - gmmhmm : 708 - iter #9 : logL -18680.51
2018-01-18 14:31 - DEBUG - gmmhmm : 462 - 
pi: 
array([ 0.36398493,  0.63601507])
A: 
array([[ 0.78023662,  0.21976338],
       [ 0.10363366,  0.89636634]])
w: 
array([[ 0.58623342,  0.27577848,  0.10158014,  0.02947503,  0.00693292],
       [ 0.08171616,  0.12872759,  0.18797852,  0.27983024,  0.32174749]])
mu: 
array([[-0.21148317, -0.1178222 , -0.05845594,  0.04738332,  0.17832874],
       [-1.08146035, -1.41393425, -1.90078826, -2.45385633, -3.23159832]])
sigma: 
array([[ 0.3421276 ,  0.4710019 ,  0.66790298,  0.92113757,  1.13750568],
       [ 0.22053099,  0.30951452,  0.4697497 ,  0.56786173,  1.99759816]])
phi: 
array([ 0.01486833,  0.0244708 ])
upsilon: 
array([  5.64635564e-08,   1.09630995e-01])
P(states|y): 
array([ 0.35859556,  0.64140444])


2018-01-18 14:31 - INFO - gmmhmm : 708 - iter #10 : logL -18667.47
2018-01-18 14:31 - DEBUG - gmmhmm : 462 - 
pi: 
array([ 0.37731388,  0.62268612])
A: 
array([[ 0.78163366,  0.21836634],
       [ 0.10706914,  0.89293086]])
w: 
array([[ 0.5865333 ,  0.27558063,  0.10153275,  0.02943399,  0.00691933],
       [ 0.07860656,  0.12655303,  0.18835243,  0.28596177,  0.32052621]])
mu: 
array([[-0.2315409 , -0.13667061, -0.07318011,  0.04400542,  0.18422411],
       [-1.10968799, -1.43486031, -1.92112758, -2.47259259, -3.24394089]])
sigma: 
array([[ 0.3500028 ,  0.47943528,  0.67204712,  0.91877257,  1.12136647],
       [ 0.20716036,  0.29607739,  0.46060045,  0.56207694,  2.01140054]])
phi: 
array([ 0.01525873,  0.02412734])
upsilon: 
array([  1.89595712e-08,   1.09575980e-01])
P(states|y): 
array([ 0.36819877,  0.63180123])


2018-01-18 14:31 - INFO - gmmhmm : 708 - iter #11 : logL -18657.19
2018-01-18 14:31 - DEBUG - gmmhmm : 462 - 
pi: 
array([ 0.3897828,  0.6102172])
A: 
array([[ 0.78293104,  0.21706896],
       [ 0.11007498,  0.88992502]])
w: 
array([[ 0.5868243 ,  0.27542413,  0.10146469,  0.02938238,  0.0069045 ],
       [ 0.0760054 ,  0.12468858,  0.18872853,  0.29170992,  0.31886757]])
mu: 
array([[-0.24940123, -0.15283676, -0.0850073 ,  0.0427776 ,  0.19101966],
       [-1.13415021, -1.45333521, -1.93928256, -2.48988508, -3.25630236]])
sigma: 
array([[ 0.35736076,  0.48663993,  0.67422179,  0.91469599,  1.10578183],
       [ 0.19517878,  0.28413034,  0.45187405,  0.55764684,  2.02406743]])
phi: 
array([ 0.01559924,  0.02382432])
upsilon: 
array([  6.76890870e-09,   1.09539047e-01])
P(states|y): 
array([ 0.37659815,  0.62340185])


2018-01-18 14:31 - INFO - gmmhmm : 708 - iter #12 : logL -18649.09
2018-01-18 14:31 - DEBUG - gmmhmm : 462 - 
pi: 
array([ 0.40127271,  0.59872729])
A: 
array([[ 0.78410977,  0.21589023],
       [ 0.1127021 ,  0.8872979 ]])
w: 
array([[ 0.58711156,  0.27529248,  0.10138008,  0.02932572,  0.00689017],
       [ 0.07383629,  0.12310407,  0.18911908,  0.29709933,  0.31684123]])
mu: 
array([[-0.26530675, -0.16663707, -0.09434122,  0.04340053,  0.1987684 ],
       [-1.15519765, -1.46963054, -1.95540292, -2.50586174, -3.26849125]])
sigma: 
array([[ 0.36415767,  0.49271491,  0.67485358,  0.90959984,  1.09122022],
       [ 0.18449856,  0.27358331,  0.44358764,  0.55442924,  2.03598243]])
phi: 
array([ 0.01589546,  0.02355801])
upsilon: 
array([  2.54833111e-09,   1.09514435e-01])
P(states|y): 
array([ 0.38392694,  0.61607306])


2018-01-18 14:31 - INFO - gmmhmm : 708 - iter #13 : logL -18642.71
2018-01-18 14:31 - DEBUG - gmmhmm : 462 - 
pi: 
array([ 0.41171397,  0.58828603])
A: 
array([[ 0.78516052,  0.21483948],
       [ 0.11499881,  0.88500119]])
w: 
array([[ 0.5873961 ,  0.27517532,  0.10128342,  0.02926781,  0.00687735],
       [ 0.07203138,  0.12176855,  0.18953257,  0.30215744,  0.31451006]])
mu: 
array([[-0.27947442, -0.17836241, -0.10155563,  0.04557228,  0.20739738],
       [-1.17318651, -1.48401323, -1.96965426, -2.52065171, -3.28037489]])
sigma: 
array([[ 0.37037697,  0.49777001,  0.67427803,  0.90391859,  1.0778181 ],
       [ 0.17502453,  0.26433194,  0.43573724,  0.55229533,  2.04740541]])
phi: 
array([ 0.01615257,  0.0233248 ])
upsilon: 
array([  1.00443733e-09,   1.09497930e-01])
P(states|y): 
array([ 0.39031034,  0.60968966])


2018-01-18 14:31 - INFO - gmmhmm : 708 - iter #14 : logL -18637.68
2018-01-18 14:31 - DEBUG - gmmhmm : 462 - 
pi: 
array([ 0.42108529,  0.57891471])
A: 
array([[ 0.78608343,  0.21391657],
       [ 0.11700838,  0.88299162]])
w: 
array([[ 0.58767653,  0.27506646,  0.10117909,  0.02921134,  0.00686658],
       [ 0.07053161,  0.12065206,  0.18997465,  0.30691261,  0.31192906]])
mu: 
array([[-0.29210131, -0.18827918, -0.10698689,  0.04901138,  0.2167798 ],
       [-1.18846978, -1.49673541, -1.98220709, -2.53437918, -3.29187326]])
sigma: 
array([[ 0.37602293,  0.50192008,  0.67276416,  0.89793176,  1.06556219],
       [ 0.16665035,  0.25626133,  0.42830314,  0.55112754,  2.05851496]])
phi: 
array([ 0.0163754 ,  0.02312116])
upsilon: 
array([  4.11918773e-10,   1.09486631e-01])
P(states|y): 
array([ 0.3958641,  0.6041359])


2018-01-18 14:31 - INFO - gmmhmm : 708 - iter #15 : logL -18633.7
2018-01-18 14:31 - DEBUG - gmmhmm : 462 - 
pi: 
array([ 0.42940939,  0.57059061])
A: 
array([[ 0.7868852 ,  0.2131148 ],
       [ 0.11876875,  0.88123125]])
w: 
array([[ 0.58795044,  0.27496238,  0.10107096,  0.02915808,  0.00685815],
       [ 0.06928652,  0.11972663,  0.19044862,  0.31139285,  0.30914539]])
mu: 
array([[-0.30336679, -0.19662868, -0.11093148,  0.05346651,  0.22677178],
       [-1.20138308, -1.50802743, -1.99323054, -2.5471611 , -3.30294791]])
sigma: 
array([[ 0.38111504,  0.50527914,  0.67052936,  0.89182196,  1.05437492],
       [ 0.15926204,  0.249253  ,  0.42125677,  0.55081808,  2.0694328 ]])
phi: 
array([ 0.01656836,  0.02294371])
upsilon: 
array([  1.74814979e-10,   1.09478637e-01])
P(states|y): 
array([ 0.4006937,  0.5993063])


2018-01-18 14:31 - INFO - gmmhmm : 708 - iter #16 : logL -18630.53
2018-01-18 14:31 - DEBUG - gmmhmm : 462 - 
pi: 
array([ 0.43674359,  0.56325641])
A: 
array([[ 0.78757616,  0.21242384],
       [ 0.1203129 ,  0.8796871 ]])
w: 
array([[ 0.58821511,  0.27486128,  0.10096226,  0.0291092 ,  0.00685215],
       [ 0.06825362,  0.11896669,  0.19095593,  0.31562503,  0.30619872]])
mu: 
array([[-0.31343309, -0.20362669, -0.11364603,  0.05871918,  0.23723061],
       [-1.21223463, -1.51809328, -2.0028874 , -2.55910628, -3.31359086]])
sigma: 
array([[ 0.3856827 ,  0.50795604,  0.66774968,  0.8857085 ,  1.04415285],
       [ 0.15274437,  0.24319084,  0.41456611,  0.55126739,  2.08024023]])
phi: 
array([ 0.01673543,  0.02278928])
upsilon: 
array([  7.64194997e-11,   1.09472748e-01])
P(states|y): 
array([ 0.40489384,  0.59510616])


2018-01-18 14:31 - INFO - gmmhmm : 708 - iter #17 : logL -18627.97
2018-01-18 14:31 - DEBUG - gmmhmm : 462 - 
pi: 
array([ 0.44316808,  0.55683192])
A: 
array([[ 0.78816815,  0.21183185],
       [ 0.12166939,  0.87833061]])
w: 
array([[ 0.58846812,  0.27476237,  0.10085557,  0.02906537,  0.00684858],
       [ 0.06739763,  0.11834924,  0.19149672,  0.31963447,  0.30312193]])
mu: 
array([[-0.32244587, -0.20946358, -0.11534953,  0.06458308,  0.24802371],
       [-1.22129946, -1.52711021, -2.01133118, -2.57031459, -3.32381457]])
sigma: 
array([[ 0.38976135,  0.51005133,  0.66456728,  0.87966805,  1.03478556],
       [ 0.14698649,  0.23796533,  0.4081992 ,  0.55238377,  2.09099143]])
phi: 
array([ 0.01688014,  0.02265496])
upsilon: 
array([  3.42730689e-11,   1.09468226e-01])
P(states|y): 
array([ 0.40854853,  0.59145147])


2018-01-18 14:31 - INFO - gmmhmm : 708 - iter #18 : logL -18625.89
2018-01-18 14:31 - DEBUG - gmmhmm : 462 - 
pi: 
array([ 0.44877462,  0.55122538])
A: 
array([[ 0.78867316,  0.21132684],
       [ 0.12286293,  0.87713707]])
w: 
array([[ 0.58870749,  0.27466547,  0.10075283,  0.0290269 ,  0.00684731],
       [ 0.06668941,  0.1178539 ,  0.19207014,  0.3234446 ,  0.29994195]])
mu: 
array([[-0.33053479, -0.21430556, -0.11622684,  0.07090144,  0.259032  ],
       [-1.22881857, -1.53523003, -2.01870417, -2.58087607, -3.33364474]])
sigma: 
array([[ 0.39338937,  0.51165591,  0.66109623,  0.87374741,  1.02616335],
       [ 0.1418859 ,  0.23347583,  0.40212608,  0.55408244,  2.10172251]])
phi: 
array([ 0.01700561,  0.02253813])
upsilon: 
array([  1.57158500e-11,   1.09464625e-01])
P(states|y): 
array([ 0.41173154,  0.58826846])


2018-01-18 14:31 - INFO - gmmhmm : 708 - iter #19 : logL -18624.17
2018-01-18 14:31 - DEBUG - gmmhmm : 462 - 
pi: 
array([ 0.45365749,  0.54634251])
A: 
array([[ 0.7891025,  0.2108975],
       [ 0.1239149,  0.8760851]])
w: 
array([[ 0.58893179,  0.27457069,  0.10065544,  0.02899387,  0.0068482 ],
       [ 0.06610513,  0.11746278,  0.19267472,  0.32707674,  0.29668063]])
mu: 
array([[-0.33781434, -0.2182963 , -0.11643238,  0.07754378,  0.27015126],
       [-1.23500058, -1.54258119, -2.02513704, -2.59087097, -3.34311421]])
sigma: 
array([[ 0.39660567,  0.51285011,  0.65742762,  0.86797289,  1.01818211],
       [ 0.13735037,  0.22963142,  0.39631988,  0.55628546,  2.11245873]])
phi: 
array([ 0.01711454,  0.02243646])
upsilon: 
array([  7.34659189e-12,   1.09461676e-01])
P(states|y): 
array([ 0.41450713,  0.58549287])


2018-01-18 14:31 - DEBUG - gmmhmm : 462 - 
pi: 
array([ 0.45365749,  0.54634251])
A: 
array([[ 0.7891025,  0.2108975],
       [ 0.1239149,  0.8760851]])
w: 
array([[ 0.58893179,  0.27457069,  0.10065544,  0.02899387,  0.0068482 ],
       [ 0.06610513,  0.11746278,  0.19267472,  0.32707674,  0.29668063]])
mu: 
array([[-0.33781434, -0.2182963 , -0.11643238,  0.07754378,  0.27015126],
       [-1.23500058, -1.54258119, -2.02513704, -2.59087097, -3.34311421]])
sigma: 
array([[ 0.39660567,  0.51285011,  0.65742762,  0.86797289,  1.01818211],
       [ 0.13735037,  0.22963142,  0.39631988,  0.55628546,  2.11245873]])
phi: 
array([ 0.01711454,  0.02243646])
upsilon: 
array([  7.34659189e-12,   1.09461676e-01])
P(states|y): 
array([ 0.41450713,  0.58549287])


2018-01-18 14:31 - INFO - cli : 200 - Training ... done in 00:00:19
2018-01-18 14:31 - INFO - cli : 212 - Building the scoring set ...
2018-01-18 14:31 - INFO - cli : 222 - Building the scoring set ... done
2018-01-18 14:31 - INFO - cli : 223 - Computing scores for 21 transcripts ...
2018-01-18 14:31 - DEBUG - cli : 266 - Computing scores... 0/21
2018-01-18 14:31 - INFO - cli : 270 - Computing scores... done in 00:00:01
2018-01-18 14:31 - INFO - cli : 274 - Sorting scores...
2018-01-18 14:31 - INFO - cli : 276 - Sorting scores... done
2018-01-18 14:31 - INFO - cli : 278 - Process terminated in 00:00:21
2018-01-18 14:31 - INFO - cli : 279 - Output written to -> sample_data/sample_output
